\BOOKMARK [1][-]{section.1}{\376\377\004\036\004\077\004\070\004\101\004\060\004\075\004\070\004\065\000\040\004\073\004\060\004\061\004\076\004\100\004\060\004\102\004\076\004\100\004\075\004\076\004\071\000\040\004\103\004\101\004\102\004\060\004\075\004\076\004\062\004\072\004\070}{}% 1
\BOOKMARK [2][-]{subsection.1.1}{\376\377\004\055\004\033\004\042\000\040\004\076\004\101\004\106\004\070\004\073\004\073\004\076\004\063\004\100\004\060\004\104\004\060}{section.1}% 2
\BOOKMARK [2][-]{subsection.1.2}{\376\377\004\021\004\073\004\076\004\072\000\040\004\100\004\060\004\067\004\062\004\065\004\100\004\102\004\072\004\070}{section.1}% 3
\BOOKMARK [1][-]{section.2}{\376\377\004\030\004\067\004\103\004\107\004\065\004\075\004\070\004\065\000\040\004\076\004\101\004\106\004\070\004\073\004\073\004\076\004\063\004\100\004\060\004\104\004\060}{}% 4
\BOOKMARK [2][-]{subsection.2.1}{\376\377\004\036\004\077\004\100\004\065\004\064\004\065\004\073\004\065\004\075\004\070\004\065\000\040\004\062\004\065\004\073\004\070\004\107\004\070\004\075\004\113\000\040\004\107\004\103\004\062\004\101\004\102\004\062\004\070\004\102\004\065\004\073\004\114\004\075\004\076\004\101\004\102\004\070\000\040\004\062\004\065\004\100\004\102\004\070\004\072\004\060\004\073\004\114\004\075\004\076\004\063\004\076\000\040\004\070\000\040\004\063\004\076\004\100\004\070\004\067\004\076\004\075\004\102\004\060\004\073\004\114\004\075\004\076\004\063\004\076\000\040\004\072\004\060\004\075\004\060\004\073\004\076\004\062\000\040\004\076\004\101\004\106\004\070\004\073\004\073\004\076\004\063\004\100\004\060\004\104\004\060}{section.2}% 5
\BOOKMARK [2][-]{subsection.2.2}{\376\377\004\041\004\100\004\113\004\062\000\040\004\101\004\070\004\075\004\105\004\100\004\076\004\075\004\070\004\067\004\060\004\106\004\070\004\070\000\040\004\077\004\100\004\070\000\040\004\070\004\067\004\074\004\065\004\075\004\065\004\075\004\070\004\070\000\040\004\107\004\060\004\101\004\102\004\076\004\102\004\113\000\040\004\063\004\065\004\075\004\065\004\100\004\060\004\102\004\076\004\100\004\060}{section.2}% 6
\BOOKMARK [2][-]{subsection.2.3}{\376\377\004\022\004\100\004\065\004\074\004\117\000\040\004\077\004\076\004\101\004\073\004\065\004\101\004\062\004\065\004\107\004\065\004\075\004\070\004\117\000\040\004\102\004\100\004\103\004\061\004\072\004\070}{section.2}% 7
\BOOKMARK [2][-]{subsection.2.4}{\376\377\004\033\004\070\004\075\004\065\004\071\004\075\004\076\004\101\004\102\004\114\000\040\004\062\004\065\004\100\004\102\004\070\004\072\004\060\004\073\004\114\004\075\004\076\004\063\004\076\000\040\004\072\004\060\004\075\004\060\004\073\004\060\000\040\004\103\004\101\004\070\004\073\004\065\004\075\004\070\004\117}{section.2}% 8
\BOOKMARK [2][-]{subsection.2.5}{\376\377\004\047\004\060\004\101\004\102\004\076\004\102\004\075\004\113\004\065\000\040\004\101\004\062\004\076\004\071\004\101\004\102\004\062\004\060\000\040\004\062\004\065\004\100\004\102\004\070\004\072\004\060\004\073\004\114\004\075\004\076\004\063\004\076\000\040\004\072\004\060\004\075\004\060\004\073\004\060\000\040\004\103\004\101\004\070\004\073\004\065\004\075\004\070\004\117}{section.2}% 9
\BOOKMARK [3][-]{subsubsection.2.5.1}{\376\377\004\022\004\113\004\062\004\076\004\064\000\040\004\020\004\047\004\045\000\040\004\102\004\100\004\103\004\061\004\072\004\070}{subsection.2.5}% 10
\BOOKMARK [1][-]{section.3}{\376\377\004\040\004\060\004\061\004\076\004\102\004\060\000\040\004\100\004\060\004\067\004\062\004\065\004\100\004\102\004\072\004\070\000\040\004\076\004\101\004\106\004\070\004\073\004\073\004\076\004\063\004\100\004\060\004\104\004\060}{}% 11
\BOOKMARK [2][-]{subsection.3.1}{\376\377\004\036\004\101\004\106\004\070\004\073\004\073\004\076\004\063\004\100\004\060\004\074\004\074\004\060\000\040\004\101\004\070\004\063\004\075\004\060\004\073\004\060}{section.3}% 12
\BOOKMARK [2][-]{subsection.3.2}{\376\377\004\021\004\065\004\063\000\040\004\076\004\101\004\106\004\070\004\073\004\073\004\076\004\063\004\100\004\060\004\074\004\074\004\113}{section.3}% 13
\BOOKMARK [2][-]{subsection.3.3}{\376\377\004\044\004\070\004\063\004\103\004\100\004\113\000\040\004\033\004\070\004\101\004\101\004\060\004\066\004\103}{section.3}% 14
\BOOKMARK [1][-]{section.4}{\376\377\004\027\004\076\004\075\004\113\000\040\004\101\004\070\004\075\004\105\004\100\004\076\004\075\004\070\004\067\004\060\004\106\004\070\004\070}{}% 15
\BOOKMARK [1][-]{section*.2}{\376\377\004\027\004\060\004\072\004\073\004\116\004\107\004\065\004\075\004\070\004\065}{}% 16
\BOOKMARK [2][-]{section*.3}{\376\377\004\036\004\102\004\062\004\065\004\102\004\113\000\040\004\075\004\060\000\040\004\062\004\076\004\077\004\100\004\076\004\101\004\113}{section*.2}% 17
\BOOKMARK [3][-]{section*.4}{\376\377\004\022\004\076\004\077\004\100\004\076\004\101\000\040\0001}{section*.3}% 18
\BOOKMARK [3][-]{section*.5}{\376\377\004\022\004\076\004\077\004\100\004\076\004\101\000\040\0002}{section*.3}% 19
\BOOKMARK [3][-]{section*.6}{\376\377\004\022\004\076\004\077\004\100\004\076\004\101\000\040\0003}{section*.3}% 20
\BOOKMARK [3][-]{section*.7}{\376\377\004\022\004\076\004\077\004\100\004\076\004\101\000\040\0004}{section*.3}% 21
\BOOKMARK [3][-]{section*.8}{\376\377\004\022\004\076\004\077\004\100\004\076\004\101\000\040\0005}{section*.3}% 22
\BOOKMARK [3][-]{section*.9}{\376\377\004\022\004\076\004\077\004\100\004\076\004\101\000\040\0006}{section*.3}% 23
\BOOKMARK [3][-]{section*.10}{\376\377\004\022\004\076\004\077\004\100\004\076\004\101\000\040\0007}{section*.3}% 24
\BOOKMARK [3][-]{section*.11}{\376\377\004\022\004\076\004\077\004\100\004\076\004\101\000\040\0008}{section*.3}% 25
\BOOKMARK [3][-]{section*.12}{\376\377\004\022\004\076\004\077\004\100\004\076\004\101\000\040\0009}{section*.3}% 26
